Extension "Export to PDF via Scribus" failed to load because a dependency was not met.
Dependency:
	type: executable
	location: path
	string: scribus

Extension "Formula (typst)" failed to load because a dependency was not met.
Dependency:
	type: executable
	location: path
	string: typst

Extension "GIMP XCF" failed to load because a dependency was not met.
Dependency:
	type: executable
	location: path
	string: gimp

Extension "Optimized PNG" failed to load because a dependency was not met.
Dependency:
	type: executable
	location: path
	string: optipng

Extension "XFIG Input" failed to load because a dependency was not met.
Dependency:
	type: executable
	location: path
	string: fig2dev

